0 info it worked if it ends with ok
1 verbose cli [ 'c:\\Program Files\\nodejs\\node.exe',
1 verbose cli   'c:\\Program Files\\nodejs\\node_modules\\npm\\bin\\npm-cli.js',
1 verbose cli   'install',
1 verbose cli   'angularjs' ]
2 info using npm@1.4.28
3 info using node@v0.10.32
4 verbose readDependencies using package.json deps
5 verbose cache add [ 'angularjs', null ]
6 verbose cache add name=undefined spec="angularjs" args=["angularjs",null]
7 verbose parsed url { protocol: null,
7 verbose parsed url   slashes: null,
7 verbose parsed url   auth: null,
7 verbose parsed url   host: null,
7 verbose parsed url   port: null,
7 verbose parsed url   hostname: null,
7 verbose parsed url   hash: null,
7 verbose parsed url   search: null,
7 verbose parsed url   query: null,
7 verbose parsed url   pathname: 'angularjs',
7 verbose parsed url   path: 'angularjs',
7 verbose parsed url   href: 'angularjs' }
8 silly lockFile c7872ea9-angularjs angularjs
9 verbose lock angularjs C:\Users\user\AppData\Roaming\npm-cache\c7872ea9-angularjs.lock
10 silly lockFile c7872ea9-angularjs angularjs
11 silly lockFile c7872ea9-angularjs angularjs
12 verbose addNamed [ 'angularjs', '' ]
13 verbose addNamed [ null, '*' ]
14 silly lockFile 3021ac88-angularjs angularjs@
15 verbose lock angularjs@ C:\Users\user\AppData\Roaming\npm-cache\3021ac88-angularjs.lock
16 silly addNameRange { name: 'angularjs', range: '*', hasData: false }
17 verbose request where is /angularjs
18 verbose request registry https://registry.npmjs.org/
19 verbose request id aae5fa4a427cb58b
20 verbose url raw /angularjs
21 verbose url resolving [ 'https://registry.npmjs.org/', './angularjs' ]
22 verbose url resolved https://registry.npmjs.org/angularjs
23 verbose request where is https://registry.npmjs.org/angularjs
24 info trying registry request attempt 1 at 16:11:47
25 http GET https://registry.npmjs.org/angularjs
26 info retry will retry, error on last attempt: Error: socket hang up
27 info trying registry request attempt 2 at 16:13:53
28 http GET https://registry.npmjs.org/angularjs
29 info retry will retry, error on last attempt: Error: connect ETIMEDOUT
30 info trying registry request attempt 3 at 16:15:16
31 http GET https://registry.npmjs.org/angularjs
32 silly lockFile 3021ac88-angularjs angularjs@
33 silly lockFile 3021ac88-angularjs angularjs@
34 error network getaddrinfo ENOTFOUND
34 error network This is most likely not a problem with npm itself
34 error network and is related to network connectivity.
34 error network In most cases you are behind a proxy or have bad network settings.
34 error network
34 error network If you are behind a proxy, please make sure that the
34 error network 'proxy' config is set properly.  See: 'npm help config'
35 error System Windows_NT 6.2.9200
36 error command "c:\\Program Files\\nodejs\\node.exe" "c:\\Program Files\\nodejs\\node_modules\\npm\\bin\\npm-cli.js" "install" "angularjs"
37 error cwd w:\Web Projects\Task4
38 error node -v v0.10.32
39 error npm -v 1.4.28
40 error syscall getaddrinfo
41 error code ENOTFOUND
42 error errno ENOTFOUND
43 verbose exit [ 1, true ]
